Started GET "/users/sign_in" for 127.0.0.1 at 2017-10-10 14:20:02 +0100
  [1m[35m (1.3ms)[0m  [1m[34mSELECT "schema_migrations"."version" FROM "schema_migrations" ORDER BY "schema_migrations"."version" ASC[0m
Processing by Devise::SessionsController#new as HTML
  [1m[36mUser Load (1.1ms)[0m  [1m[34mSELECT  "users".* FROM "users" WHERE "users"."id" = $1 ORDER BY "users"."id" ASC LIMIT $2[0m  [["id", 1], ["LIMIT", 1]]
Redirected to http://localhost:3000/
Filter chain halted as :require_no_authentication rendered or redirected
Completed 302 Found in 46ms (ActiveRecord: 8.3ms)


Started GET "/" for 127.0.0.1 at 2017-10-10 14:20:02 +0100
Processing by ArticlesController#index as HTML
  [1m[36mUser Load (0.6ms)[0m  [1m[34mSELECT  "users".* FROM "users" WHERE "users"."id" = $1 ORDER BY "users"."id" ASC LIMIT $2[0m  [["id", 1], ["LIMIT", 1]]
  Rendering articles/index.html.erb within layouts/application
  [1m[36mArticle Load (0.5ms)[0m  [1m[34mSELECT "articles".* FROM "articles" WHERE "articles"."user_id" = $1[0m  [["user_id", 1]]
  Rendered collection of articles/_article.html.erb [2 times] (1.3ms)
  Rendered articles/index.html.erb within layouts/application (36.9ms)
Completed 500 Internal Server Error in 68ms (ActiveRecord: 6.3ms)


  
SyntaxError (/Users/Tech-A22/classwork/project_2/showme_portfolio_project/showme_project/app/views/articles/_article.html.erb:12: syntax error, unexpected ')', expecting keyword_then or ';' or '\n'
fer.append=( if can? :update );@output_buffer.safe_append='
                              ^
/Users/Tech-A22/classwork/project_2/showme_portfolio_project/showme_project/app/views/articles/_article.html.erb:14: syntax error, unexpected keyword_end
ze;@output_buffer.append=( end );@output_buffer.safe_append=
                              ^
/Users/Tech-A22/classwork/project_2/showme_portfolio_project/showme_project/app/views/articles/_article.html.erb:17: syntax error, unexpected keyword_ensure, expecting ')'
          ensure
                ^
/Users/Tech-A22/classwork/project_2/showme_portfolio_project/showme_project/app/views/articles/_article.html.erb:19: syntax error, unexpected keyword_end, expecting ')'
          end
             ^):
  
app/views/articles/_article.html.erb:12: syntax error, unexpected ')', expecting keyword_then or ';' or '\n'
app/views/articles/_article.html.erb:14: syntax error, unexpected keyword_end
app/views/articles/_article.html.erb:17: syntax error, unexpected keyword_ensure, expecting ')'
app/views/articles/_article.html.erb:19: syntax error, unexpected keyword_end, expecting ')'
app/views/articles/index.html.erb:5:in `_app_views_articles_index_html_erb__4320476237621945428_70288591752140'
Started GET "/" for 127.0.0.1 at 2017-10-10 14:21:07 +0100
Processing by ArticlesController#index as HTML
  [1m[36mUser Load (0.7ms)[0m  [1m[34mSELECT  "users".* FROM "users" WHERE "users"."id" = $1 ORDER BY "users"."id" ASC LIMIT $2[0m  [["id", 1], ["LIMIT", 1]]
  Rendering articles/index.html.erb within layouts/application
  [1m[36mArticle Load (0.4ms)[0m  [1m[34mSELECT "articles".* FROM "articles" WHERE "articles"."user_id" = $1[0m  [["user_id", 1]]
  Rendered collection of articles/_article.html.erb [2 times] (1.2ms)
  Rendered articles/index.html.erb within layouts/application (5.5ms)
Completed 500 Internal Server Error in 18ms (ActiveRecord: 1.1ms)


  
SyntaxError (/Users/Tech-A22/classwork/project_2/showme_portfolio_project/showme_project/app/views/articles/_article.html.erb:12: syntax error, unexpected ')', expecting keyword_then or ';' or '\n'
d=( if can? :update, Article );@output_buffer.safe_append='
                              ^
/Users/Tech-A22/classwork/project_2/showme_portfolio_project/showme_project/app/views/articles/_article.html.erb:14: syntax error, unexpected keyword_end
ze;@output_buffer.append=( end );@output_buffer.safe_append=
                              ^
/Users/Tech-A22/classwork/project_2/showme_portfolio_project/showme_project/app/views/articles/_article.html.erb:17: syntax error, unexpected keyword_ensure, expecting ')'
          ensure
                ^
/Users/Tech-A22/classwork/project_2/showme_portfolio_project/showme_project/app/views/articles/_article.html.erb:19: syntax error, unexpected keyword_end, expecting ')'
          end
             ^):
  
app/views/articles/_article.html.erb:12: syntax error, unexpected ')', expecting keyword_then or ';' or '\n'
app/views/articles/_article.html.erb:14: syntax error, unexpected keyword_end
app/views/articles/_article.html.erb:17: syntax error, unexpected keyword_ensure, expecting ')'
app/views/articles/_article.html.erb:19: syntax error, unexpected keyword_end, expecting ')'
app/views/articles/index.html.erb:5:in `_app_views_articles_index_html_erb__4320476237621945428_70288565185780'
Started GET "/users/sign_in" for 127.0.0.1 at 2017-10-10 14:23:29 +0100
Processing by Devise::SessionsController#new as HTML
  [1m[36mUser Load (0.5ms)[0m  [1m[34mSELECT  "users".* FROM "users" WHERE "users"."id" = $1 ORDER BY "users"."id" ASC LIMIT $2[0m  [["id", 1], ["LIMIT", 1]]
Redirected to http://localhost:3000/
Filter chain halted as :require_no_authentication rendered or redirected
Completed 302 Found in 22ms (ActiveRecord: 6.0ms)


Started GET "/" for 127.0.0.1 at 2017-10-10 14:23:29 +0100
Processing by ArticlesController#index as HTML
  [1m[36mUser Load (0.5ms)[0m  [1m[34mSELECT  "users".* FROM "users" WHERE "users"."id" = $1 ORDER BY "users"."id" ASC LIMIT $2[0m  [["id", 1], ["LIMIT", 1]]
  Rendering articles/index.html.erb within layouts/application
  [1m[36mArticle Load (0.3ms)[0m  [1m[34mSELECT "articles".* FROM "articles" WHERE "articles"."user_id" = $1[0m  [["user_id", 1]]
  Rendered collection of articles/_article.html.erb [2 times] (2.7ms)
  Rendered articles/index.html.erb within layouts/application (20.9ms)
Completed 200 OK in 1237ms (Views: 1224.5ms | ActiveRecord: 5.6ms)


Started DELETE "/users/sign_out" for 127.0.0.1 at 2017-10-10 14:23:34 +0100
Processing by Devise::SessionsController#destroy as HTML
  Parameters: {"authenticity_token"=>"cytdw04HKWQD53JiO9WSN2Vb1O4Uc8PguMqm+UyNNcjdBMtKGf8bkXoqxXzB2hU7RGh4n9dlvY8FV1QSoPvcSQ=="}
  [1m[36mUser Load (0.5ms)[0m  [1m[34mSELECT  "users".* FROM "users" WHERE "users"."id" = $1 ORDER BY "users"."id" ASC LIMIT $2[0m  [["id", 1], ["LIMIT", 1]]
  [1m[35m (0.2ms)[0m  [1m[35mBEGIN[0m
  [1m[35m (0.1ms)[0m  [1m[35mCOMMIT[0m
Redirected to http://localhost:3000/
Completed 302 Found in 14ms (ActiveRecord: 0.8ms)


Started GET "/" for 127.0.0.1 at 2017-10-10 14:23:34 +0100
Processing by ArticlesController#index as HTML
Completed 500 Internal Server Error in 6ms (ActiveRecord: 0.0ms)


  
NoMethodError (undefined method `articles' for nil:NilClass):
  
app/controllers/articles_controller.rb:3:in `index'
  [1m[35m (1.0ms)[0m  [1m[34mSELECT "schema_migrations"."version" FROM "schema_migrations" ORDER BY "schema_migrations"."version" ASC[0m
  [1m[35m (0.6ms)[0m  [1m[34mSELECT "ar_internal_metadata"."value" FROM "ar_internal_metadata" WHERE "ar_internal_metadata"."key" = $1[0m  [["key", "environment"]]
  [1m[35m (0.3ms)[0m  [1m[34mSELECT "schema_migrations"."version" FROM "schema_migrations" ORDER BY "schema_migrations"."version" ASC[0m
  [1m[35m (0.3ms)[0m  [1m[34mSELECT "ar_internal_metadata"."value" FROM "ar_internal_metadata" WHERE "ar_internal_metadata"."key" = $1[0m  [["key", "environment"]]
  [1m[35m (0.3ms)[0m  [1m[34mSELECT "schema_migrations"."version" FROM "schema_migrations" ORDER BY "schema_migrations"."version" ASC[0m
  [1m[35m (0.3ms)[0m  [1m[34mSELECT "ar_internal_metadata"."value" FROM "ar_internal_metadata" WHERE "ar_internal_metadata"."key" = $1[0m  [["key", "environment"]]
  [1m[35m (131.1ms)[0m  [1m[35mDROP DATABASE IF EXISTS "showme_project_development"[0m
  [1m[35m (132.7ms)[0m  [1m[35mDROP DATABASE IF EXISTS "showme_project_test"[0m
  [1m[35m (266.6ms)[0m  [1m[35mCREATE DATABASE "showme_project_development" ENCODING = 'unicode'[0m
  [1m[35m (256.2ms)[0m  [1m[35mCREATE DATABASE "showme_project_test" ENCODING = 'unicode'[0m
  [1m[35mSQL (0.4ms)[0m  [1m[35mCREATE EXTENSION IF NOT EXISTS "plpgsql"[0m
  [1m[35m (0.3ms)[0m  [1m[35mDROP TABLE IF EXISTS "articles" CASCADE[0m
  [1m[35m (15.2ms)[0m  [1m[35mCREATE TABLE "articles" ("id" bigserial primary key, "title" character varying, "description" text, "bg_image" character varying, "proj_image" character varying, "git_link" character varying, "difficulty" integer, "user_id" integer, "created_at" timestamp NOT NULL, "updated_at" timestamp NOT NULL)[0m
  [1m[35m (0.6ms)[0m  [1m[35mDROP TABLE IF EXISTS "users" CASCADE[0m
  [1m[35m (16.0ms)[0m  [1m[35mCREATE TABLE "users" ("id" bigserial primary key, "email" character varying DEFAULT '' NOT NULL, "encrypted_password" character varying DEFAULT '' NOT NULL, "reset_password_token" character varying, "reset_password_sent_at" timestamp, "remember_created_at" timestamp, "sign_in_count" integer DEFAULT 0 NOT NULL, "current_sign_in_at" timestamp, "last_sign_in_at" timestamp, "current_sign_in_ip" inet, "last_sign_in_ip" inet, "created_at" timestamp NOT NULL, "updated_at" timestamp NOT NULL, "admin" boolean)[0m
  [1m[35m (7.3ms)[0m  [1m[35mCREATE UNIQUE INDEX  "index_users_on_email" ON "users"  ("email")[0m
  [1m[35m (8.2ms)[0m  [1m[35mCREATE UNIQUE INDEX  "index_users_on_reset_password_token" ON "users"  ("reset_password_token")[0m
  [1m[35m (12.6ms)[0m  [1m[35mCREATE TABLE "schema_migrations" ("version" character varying NOT NULL PRIMARY KEY)[0m
  [1m[35m (1.3ms)[0m  [1m[34mSELECT "schema_migrations"."version" FROM "schema_migrations" ORDER BY "schema_migrations"."version" ASC[0m
  [1m[35m (2.9ms)[0m  [1m[32mINSERT INTO "schema_migrations" (version) VALUES (20171010124509)[0m
  [1m[35m (3.3ms)[0m  [1m[32mINSERT INTO "schema_migrations" (version) VALUES
(20171010100657),
(20171010101444);

[0m
  [1m[35m (15.0ms)[0m  [1m[35mCREATE TABLE "ar_internal_metadata" ("key" character varying NOT NULL PRIMARY KEY, "value" character varying, "created_at" timestamp NOT NULL, "updated_at" timestamp NOT NULL)[0m
  [1m[36mActiveRecord::InternalMetadata Load (0.7ms)[0m  [1m[34mSELECT  "ar_internal_metadata".* FROM "ar_internal_metadata" WHERE "ar_internal_metadata"."key" = $1 LIMIT $2[0m  [["key", "environment"], ["LIMIT", 1]]
  [1m[35m (0.2ms)[0m  [1m[35mBEGIN[0m
  [1m[35mSQL (0.5ms)[0m  [1m[32mINSERT INTO "ar_internal_metadata" ("key", "value", "created_at", "updated_at") VALUES ($1, $2, $3, $4) RETURNING "key"[0m  [["key", "environment"], ["value", "development"], ["created_at", "2017-10-10 13:23:59.148636"], ["updated_at", "2017-10-10 13:23:59.148636"]]
  [1m[35m (2.1ms)[0m  [1m[35mCOMMIT[0m
  [1m[36mActiveRecord::InternalMetadata Load (0.3ms)[0m  [1m[34mSELECT  "ar_internal_metadata".* FROM "ar_internal_metadata" WHERE "ar_internal_metadata"."key" = $1 LIMIT $2[0m  [["key", "environment"], ["LIMIT", 1]]
  [1m[35m (0.2ms)[0m  [1m[35mBEGIN[0m
  [1m[35m (0.2ms)[0m  [1m[35mCOMMIT[0m
  [1m[35mSQL (0.4ms)[0m  [1m[35mCREATE EXTENSION IF NOT EXISTS "plpgsql"[0m
  [1m[35m (0.4ms)[0m  [1m[35mDROP TABLE IF EXISTS "articles" CASCADE[0m
  [1m[35m (12.5ms)[0m  [1m[35mCREATE TABLE "articles" ("id" bigserial primary key, "title" character varying, "description" text, "bg_image" character varying, "proj_image" character varying, "git_link" character varying, "difficulty" integer, "user_id" integer, "created_at" timestamp NOT NULL, "updated_at" timestamp NOT NULL)[0m
  [1m[35m (1.0ms)[0m  [1m[35mDROP TABLE IF EXISTS "users" CASCADE[0m
  [1m[35m (14.7ms)[0m  [1m[35mCREATE TABLE "users" ("id" bigserial primary key, "email" character varying DEFAULT '' NOT NULL, "encrypted_password" character varying DEFAULT '' NOT NULL, "reset_password_token" character varying, "reset_password_sent_at" timestamp, "remember_created_at" timestamp, "sign_in_count" integer DEFAULT 0 NOT NULL, "current_sign_in_at" timestamp, "last_sign_in_at" timestamp, "current_sign_in_ip" inet, "last_sign_in_ip" inet, "created_at" timestamp NOT NULL, "updated_at" timestamp NOT NULL, "admin" boolean)[0m
  [1m[35m (7.3ms)[0m  [1m[35mCREATE UNIQUE INDEX  "index_users_on_email" ON "users"  ("email")[0m
  [1m[35m (7.1ms)[0m  [1m[35mCREATE UNIQUE INDEX  "index_users_on_reset_password_token" ON "users"  ("reset_password_token")[0m
  [1m[35m (9.5ms)[0m  [1m[35mCREATE TABLE "schema_migrations" ("version" character varying NOT NULL PRIMARY KEY)[0m
  [1m[35m (1.3ms)[0m  [1m[34mSELECT "schema_migrations"."version" FROM "schema_migrations" ORDER BY "schema_migrations"."version" ASC[0m
  [1m[35m (2.8ms)[0m  [1m[32mINSERT INTO "schema_migrations" (version) VALUES (20171010124509)[0m
  [1m[35m (3.6ms)[0m  [1m[32mINSERT INTO "schema_migrations" (version) VALUES
(20171010100657),
(20171010101444);

[0m
  [1m[35m (12.4ms)[0m  [1m[35mCREATE TABLE "ar_internal_metadata" ("key" character varying NOT NULL PRIMARY KEY, "value" character varying, "created_at" timestamp NOT NULL, "updated_at" timestamp NOT NULL)[0m
  [1m[36mActiveRecord::InternalMetadata Load (0.7ms)[0m  [1m[34mSELECT  "ar_internal_metadata".* FROM "ar_internal_metadata" WHERE "ar_internal_metadata"."key" = $1 LIMIT $2[0m  [["key", "environment"], ["LIMIT", 1]]
  [1m[35m (0.8ms)[0m  [1m[35mBEGIN[0m
  [1m[35mSQL (0.9ms)[0m  [1m[32mINSERT INTO "ar_internal_metadata" ("key", "value", "created_at", "updated_at") VALUES ($1, $2, $3, $4) RETURNING "key"[0m  [["key", "environment"], ["value", "development"], ["created_at", "2017-10-10 13:23:59.281716"], ["updated_at", "2017-10-10 13:23:59.281716"]]
  [1m[35m (2.3ms)[0m  [1m[35mCOMMIT[0m
  [1m[36mActiveRecord::InternalMetadata Load (0.5ms)[0m  [1m[34mSELECT  "ar_internal_metadata".* FROM "ar_internal_metadata" WHERE "ar_internal_metadata"."key" = $1 LIMIT $2[0m  [["key", "environment"], ["LIMIT", 1]]
  [1m[35m (0.2ms)[0m  [1m[35mBEGIN[0m
  [1m[35m (0.2ms)[0m  [1m[35mCOMMIT[0m
  [1m[35m (0.9ms)[0m  [1m[34mSELECT "schema_migrations"."version" FROM "schema_migrations" ORDER BY "schema_migrations"."version" ASC[0m
  [1m[35m (0.2ms)[0m  [1m[35mBEGIN[0m
  [1m[36mUser Exists (1.4ms)[0m  [1m[34mSELECT  1 AS one FROM "users" WHERE "users"."email" = $1 LIMIT $2[0m  [["email", "q@q.com"], ["LIMIT", 1]]
  [1m[35mSQL (1.0ms)[0m  [1m[32mINSERT INTO "users" ("email", "encrypted_password", "created_at", "updated_at", "admin") VALUES ($1, $2, $3, $4, $5) RETURNING "id"[0m  [["email", "q@q.com"], ["encrypted_password", "$2a$11$M4BEujgH4Hs04E0eE4MEfOmqUJo0CNSENFCRNWj1EW4bGGlo1teFK"], ["created_at", "2017-10-10 13:23:59.488627"], ["updated_at", "2017-10-10 13:23:59.488627"], ["admin", "t"]]
  [1m[35m (2.4ms)[0m  [1m[35mCOMMIT[0m
  [1m[35m (0.3ms)[0m  [1m[35mBEGIN[0m
  [1m[36mUser Exists (0.7ms)[0m  [1m[34mSELECT  1 AS one FROM "users" WHERE "users"."email" = $1 LIMIT $2[0m  [["email", "w@w.com"], ["LIMIT", 1]]
  [1m[35mSQL (0.7ms)[0m  [1m[32mINSERT INTO "users" ("email", "encrypted_password", "created_at", "updated_at") VALUES ($1, $2, $3, $4) RETURNING "id"[0m  [["email", "w@w.com"], ["encrypted_password", "$2a$11$O01fcCWD9i6j2uP1N3J3e.ZrlNuTV3XCKralRwr0XrHgJh4OBGney"], ["created_at", "2017-10-10 13:23:59.644223"], ["updated_at", "2017-10-10 13:23:59.644223"]]
  [1m[35m (2.4ms)[0m  [1m[35mCOMMIT[0m
  [1m[35m (0.2ms)[0m  [1m[35mBEGIN[0m
  [1m[36mUser Load (0.3ms)[0m  [1m[34mSELECT  "users".* FROM "users" WHERE "users"."id" = $1 LIMIT $2[0m  [["id", 1], ["LIMIT", 1]]
  [1m[35mSQL (0.7ms)[0m  [1m[32mINSERT INTO "articles" ("title", "description", "bg_image", "proj_image", "git_link", "difficulty", "user_id", "created_at", "updated_at") VALUES ($1, $2, $3, $4, $5, $6, $7, $8, $9) RETURNING "id"[0m  [["title", "Article 1"], ["description", "Desc 1"], ["bg_image", "url"], ["proj_image", "p_url"], ["git_link", "gitlink"], ["difficulty", 4], ["user_id", 1], ["created_at", "2017-10-10 13:23:59.687590"], ["updated_at", "2017-10-10 13:23:59.687590"]]
  [1m[35m (2.3ms)[0m  [1m[35mCOMMIT[0m
  [1m[35m (0.2ms)[0m  [1m[35mBEGIN[0m
  [1m[36mUser Load (0.4ms)[0m  [1m[34mSELECT  "users".* FROM "users" WHERE "users"."id" = $1 LIMIT $2[0m  [["id", 1], ["LIMIT", 1]]
  [1m[35mSQL (0.5ms)[0m  [1m[32mINSERT INTO "articles" ("title", "description", "bg_image", "proj_image", "git_link", "difficulty", "user_id", "created_at", "updated_at") VALUES ($1, $2, $3, $4, $5, $6, $7, $8, $9) RETURNING "id"[0m  [["title", "Article 2"], ["description", "Desc 2"], ["bg_image", "url"], ["proj_image", "p_url"], ["git_link", "gitlink"], ["difficulty", 4], ["user_id", 1], ["created_at", "2017-10-10 13:23:59.695078"], ["updated_at", "2017-10-10 13:23:59.695078"]]
  [1m[35m (2.2ms)[0m  [1m[35mCOMMIT[0m
  [1m[35m (0.2ms)[0m  [1m[35mBEGIN[0m
  [1m[36mUser Load (0.4ms)[0m  [1m[34mSELECT  "users".* FROM "users" WHERE "users"."id" = $1 LIMIT $2[0m  [["id", 2], ["LIMIT", 1]]
  [1m[35mSQL (0.5ms)[0m  [1m[32mINSERT INTO "articles" ("title", "description", "bg_image", "proj_image", "git_link", "difficulty", "user_id", "created_at", "updated_at") VALUES ($1, $2, $3, $4, $5, $6, $7, $8, $9) RETURNING "id"[0m  [["title", "Article 3"], ["description", "Desc 3"], ["bg_image", "url"], ["proj_image", "p_url"], ["git_link", "gitlink"], ["difficulty", 4], ["user_id", 2], ["created_at", "2017-10-10 13:23:59.701867"], ["updated_at", "2017-10-10 13:23:59.701867"]]
  [1m[35m (2.2ms)[0m  [1m[35mCOMMIT[0m
Started GET "/users/sign_in" for 127.0.0.1 at 2017-10-10 14:24:10 +0100
  [1m[35m (1.3ms)[0m  [1m[34mSELECT "schema_migrations"."version" FROM "schema_migrations" ORDER BY "schema_migrations"."version" ASC[0m
Processing by Devise::SessionsController#new as HTML
  Rendering devise/sessions/new.html.erb within layouts/application
  Rendered devise/shared/_links.html.erb (3.4ms)
  Rendered devise/sessions/new.html.erb within layouts/application (31.0ms)
Completed 200 OK in 314ms (Views: 276.5ms | ActiveRecord: 6.4ms)


Started POST "/users/sign_in" for 127.0.0.1 at 2017-10-10 14:24:26 +0100
Processing by Devise::SessionsController#create as HTML
  Parameters: {"utf8"=>"✓", "authenticity_token"=>"cV0IxJEpY0pEp0BV+tCx5sulDH7v5P/gQFLXTSKMN+rEK495X1+8/tO7UBqPgHVbsSOvJ5mUB07x/+ndOVqk6A==", "user"=>{"email"=>"w@w.com", "password"=>"[FILTERED]", "remember_me"=>"0"}, "commit"=>"Log in"}
  [1m[36mUser Load (1.9ms)[0m  [1m[34mSELECT  "users".* FROM "users" WHERE "users"."email" = $1 ORDER BY "users"."id" ASC LIMIT $2[0m  [["email", "w@w.com"], ["LIMIT", 1]]
  [1m[35m (0.3ms)[0m  [1m[35mBEGIN[0m
  [1m[35mSQL (1.0ms)[0m  [1m[33mUPDATE "users" SET "current_sign_in_at" = $1, "last_sign_in_at" = $2, "current_sign_in_ip" = $3, "last_sign_in_ip" = $4, "sign_in_count" = $5, "updated_at" = $6 WHERE "users"."id" = $7[0m  [["current_sign_in_at", "2017-10-10 13:24:26.500407"], ["last_sign_in_at", "2017-10-10 13:24:26.500407"], ["current_sign_in_ip", "127.0.0.1/32"], ["last_sign_in_ip", "127.0.0.1/32"], ["sign_in_count", 1], ["updated_at", "2017-10-10 13:24:26.501569"], ["id", 2]]
  [1m[35m (2.2ms)[0m  [1m[35mCOMMIT[0m
Redirected to http://localhost:3000/
Completed 302 Found in 184ms (ActiveRecord: 5.4ms)


Started GET "/" for 127.0.0.1 at 2017-10-10 14:24:26 +0100
Processing by ArticlesController#index as HTML
  [1m[36mUser Load (0.6ms)[0m  [1m[34mSELECT  "users".* FROM "users" WHERE "users"."id" = $1 ORDER BY "users"."id" ASC LIMIT $2[0m  [["id", 2], ["LIMIT", 1]]
  Rendering articles/index.html.erb within layouts/application
  [1m[36mArticle Load (0.5ms)[0m  [1m[34mSELECT "articles".* FROM "articles" WHERE "articles"."user_id" = $1[0m  [["user_id", 2]]
  Rendered collection of articles/_article.html.erb [1 times] (1.5ms)
  Rendered articles/index.html.erb within layouts/application (26.1ms)
Completed 200 OK in 59ms (Views: 39.1ms | ActiveRecord: 5.9ms)


